Could not import OpenMMLab models: [].
Traceback (most recent call last):
  File "/crex/proj/uppmax2024-2-24/hapham/envs/vlm/lib/python3.11/site-packages/htrflow/models/importer.py", line 25, in all_models
    from htrflow.models.openmmlab.rtmdet import RTMDet
  File "/crex/proj/uppmax2024-2-24/hapham/envs/vlm/lib/python3.11/site-packages/htrflow/models/openmmlab/rtmdet.py", line 5, in <module>
    from mmdet.apis import DetInferencer
ModuleNotFoundError: No module named 'mmdet'
Could not import Teklia models: [].
Traceback (most recent call last):
  File "/crex/proj/uppmax2024-2-24/hapham/envs/vlm/lib/python3.11/site-packages/htrflow/models/importer.py", line 36, in all_models
    from htrflow.models.teklia.pylaia import PyLaia
  File "/crex/proj/uppmax2024-2-24/hapham/envs/vlm/lib/python3.11/site-packages/htrflow/models/teklia/pylaia.py", line 14, in <module>
    from laia.common.arguments import CommonArgs, DataArgs, DecodeArgs, TrainerArgs
ModuleNotFoundError: No module named 'laia'
Traceback (most recent call last):
  File "/crex/proj/uppmax2024-2-24/hapham/visual-language-models/workpad/run_htrflow.py", line 40, in <module>
    collection = Collection(images)
                 ^^^^^^^^^^^^^^^^^^
  File "/crex/proj/uppmax2024-2-24/hapham/envs/vlm/lib/python3.11/site-packages/htrflow/volume/volume.py", line 245, in __init__
    self.label = label or _common_basename(paths) or Collection._DEFAULT_LABEL
                          ^^^^^^^^^^^^^^^^^^^^^^^
  File "/crex/proj/uppmax2024-2-24/hapham/envs/vlm/lib/python3.11/site-packages/htrflow/volume/volume.py", line 420, in _common_basename
    return os.path.basename(os.path.dirname(paths[0]))
                                            ~~~~~^^^
IndexError: list index out of range
